<?xml version="1.0" encoding="UTF-8"?>
<testsuite name="zero.x.spring.cloud.TestSingleEntryInConfigMap" tests="1" skipped="0" failures="0" errors="0" timestamp="2021-07-27T20:02:01" hostname="MacBook-Pro.local" time="0.078">
  <properties/>
  <testcase name="test1()" classname="zero.x.spring.cloud.TestSingleEntryInConfigMap" time="0.078"/>
  <system-out><![CDATA[]]></system-out>
  <system-err><![CDATA[]]></system-err>
</testsuite>
